<?xml version="1.0" encoding="UTF-8"?>
<testsuite name="mooc.vandy.java4android.diamonds.logic.UnitTests" tests="9" skipped="0" failures="0" errors="0" timestamp="2022-06-02T14:46:34" hostname="LAPTOP-7EO4TG1C" time="0.019">
  <properties/>
  <testcase name="randomTest" classname="mooc.vandy.java4android.diamonds.logic.UnitTests" time="0.008"/>
  <testcase name="testDiamond1" classname="mooc.vandy.java4android.diamonds.logic.UnitTests" time="0.001"/>
  <testcase name="testDiamond2" classname="mooc.vandy.java4android.diamonds.logic.UnitTests" time="0.0"/>
  <testcase name="testDiamond3" classname="mooc.vandy.java4android.diamonds.logic.UnitTests" time="0.0"/>
  <testcase name="testDiamond4" classname="mooc.vandy.java4android.diamonds.logic.UnitTests" time="0.0"/>
  <testcase name="testDiamond5" classname="mooc.vandy.java4android.diamonds.logic.UnitTests" time="0.003"/>
  <testcase name="testDiamond6" classname="mooc.vandy.java4android.diamonds.logic.UnitTests" time="0.001"/>
  <testcase name="testDiamond7" classname="mooc.vandy.java4android.diamonds.logic.UnitTests" time="0.002"/>
  <testcase name="testDiamond8" classname="mooc.vandy.java4android.diamonds.logic.UnitTests" time="0.001"/>
  <system-out><![CDATA[]]></system-out>
  <system-err><![CDATA[]]></system-err>
</testsuite>
